d:\5sem_kill_me\sp\lab03\lab-03\lab-03a-server\x64\debug\vc143.pdb
d:\5sem_kill_me\sp\lab03\lab-03\lab-03a-server\x64\debug\vc143.idb
d:\5sem_kill_me\sp\lab03\lab-03\lab-03a-server\x64\debug\lab-03a-server.obj
d:\5sem_kill_me\sp\lab03\lab-03\x64\debug\lab-03a-server.exe
d:\5sem_kill_me\sp\lab03\lab-03\x64\debug\lab-03a-server.pdb
d:\5sem_kill_me\sp\lab03\lab-03\lab-03a-server\x64\debug\lab-03a-server.ilk
d:\5_sem_labs\sp\lab03\lab-03\lab-03a-server\x64\debug\lab-03a-server.obj
d:\5_sem_labs\sp\lab03\lab-03\lab-03a-server\x64\debug\lab-03a-server.ilk
d:\5_sem_labs\sp\lab03\lab-03\lab-03a-server\x64\debug\vc143.idb
d:\5_sem_labs\sp\lab03\lab-03\lab-03a-server\x64\debug\vc143.pdb
d:\5_sem_labs\sp\lab03\lab-03\x64\debug\lab-03a-server.pdb
d:\5_sem_labs\sp\lab03\lab-03\x64\debug\lab-03a-server.exe
d:\5_sem_labs\sp\lab03\lab-03\lab-03a-server\x64\debug\lab-03a-server.tlog\cl.command.1.tlog
d:\5_sem_labs\sp\lab03\lab-03\lab-03a-server\x64\debug\lab-03a-server.tlog\cl.items.tlog
d:\5_sem_labs\sp\lab03\lab-03\lab-03a-server\x64\debug\lab-03a-server.tlog\cl.read.1.tlog
d:\5_sem_labs\sp\lab03\lab-03\lab-03a-server\x64\debug\lab-03a-server.tlog\cl.write.1.tlog
d:\5_sem_labs\sp\lab03\lab-03\lab-03a-server\x64\debug\lab-03a-server.tlog\link.command.1.tlog
d:\5_sem_labs\sp\lab03\lab-03\lab-03a-server\x64\debug\lab-03a-server.tlog\link.read.1.tlog
d:\5_sem_labs\sp\lab03\lab-03\lab-03a-server\x64\debug\lab-03a-server.tlog\link.secondary.1.tlog
d:\5_sem_labs\sp\lab03\lab-03\lab-03a-server\x64\debug\lab-03a-server.tlog\link.write.1.tlog
