d:\5sem_kill_me\sp\lab03\lab-03\lab-03\x64\debug\vc143.pdb
d:\5sem_kill_me\sp\lab03\lab-03\lab-03\x64\debug\vc143.idb
d:\5sem_kill_me\sp\lab03\lab-03\lab-03\x64\debug\lab-03a-client.obj
d:\5sem_kill_me\sp\lab03\lab-03\x64\debug\lab-03a-client.exe
d:\5sem_kill_me\sp\lab03\lab-03\x64\debug\lab-03a-client.pdb
d:\5sem_kill_me\sp\lab03\lab-03\lab-03\x64\debug\lab-03a-client.ilk
d:\5_sem_labs\sp\lab03\lab-03\lab-03\x64\debug\lab-03a-client.obj
d:\5_sem_labs\sp\lab03\lab-03\lab-03\x64\debug\lab-03a-client.ilk
d:\5_sem_labs\sp\lab03\lab-03\lab-03\x64\debug\vc143.idb
d:\5_sem_labs\sp\lab03\lab-03\lab-03\x64\debug\vc143.pdb
d:\5_sem_labs\sp\lab03\lab-03\x64\debug\lab-03a-client.pdb
d:\5_sem_labs\sp\lab03\lab-03\x64\debug\lab-03a-client.exe
d:\5_sem_labs\sp\lab03\lab-03\lab-03\x64\debug\lab-03a-client.tlog\cl.command.1.tlog
d:\5_sem_labs\sp\lab03\lab-03\lab-03\x64\debug\lab-03a-client.tlog\cl.items.tlog
d:\5_sem_labs\sp\lab03\lab-03\lab-03\x64\debug\lab-03a-client.tlog\cl.read.1.tlog
d:\5_sem_labs\sp\lab03\lab-03\lab-03\x64\debug\lab-03a-client.tlog\cl.write.1.tlog
d:\5_sem_labs\sp\lab03\lab-03\lab-03\x64\debug\lab-03a-client.tlog\link.command.1.tlog
d:\5_sem_labs\sp\lab03\lab-03\lab-03\x64\debug\lab-03a-client.tlog\link.read.1.tlog
d:\5_sem_labs\sp\lab03\lab-03\lab-03\x64\debug\lab-03a-client.tlog\link.secondary.1.tlog
d:\5_sem_labs\sp\lab03\lab-03\lab-03\x64\debug\lab-03a-client.tlog\link.write.1.tlog
